<?xml version="1.0" encoding="UTF-8"?>
<!-- Generated by org.testng.reporters.JUnitXMLReporter -->
<testsuite hostname="MS52H3G8WN" ignored="0" name="Default test" tests="6" failures="0" timestamp="22 Jan 2017 04:47:13 GMT" time="55.955" errors="0">
  <testcase name="navigateFB" time="6.379" classname="Yellow_Project.FbDataProvider"/>
  <testcase name="navigateFB" time="8.311" classname="Yellow_Project.FbDataProvider"/>
  <testcase name="navigateFB" time="6.797" classname="Yellow_Project.FbDataProvider"/>
  <testcase name="enterEmail" time="0.113" classname="Yellow_Project.FbDataProvider"/>
  <testcase name="enterPwd" time="0.05" classname="Yellow_Project.FbDataProvider"/>
  <testcase name="login" time="32.054" classname="Yellow_Project.FbDataProvider"/>
</testsuite> <!-- Default test -->
